# JRE version: Java(TM) SE Runtime Environment (8.0_161-b12) (build 1.8.0_161-b12)
# Java VM: Java HotSpot(TM) 64-Bit Server VM (25.161-b12 mixed mode windows-amd64 compressed oops)
Heap:
 PSYoungGen      total 136192K, used 35621K [0x00000000f6380000, 0x0000000100000000, 0x0000000100000000)
  eden space 126464K, 20% used [0x00000000f6380000,0x00000000f7cca528,0x00000000fdf00000)
  from space 9728K, 99% used [0x00000000ff680000,0x00000000fffff0f8,0x0000000100000000)
  to   space 16896K, 0% used [0x00000000fdf00000,0x00000000fdf00000,0x00000000fef80000)
 ParOldGen       total 41472K, used 32827K [0x00000000e2a00000, 0x00000000e5280000, 0x00000000f6380000)
  object space 41472K, 79% used [0x00000000e2a00000,0x00000000e4a0ef58,0x00000000e5280000)
 Metaspace       used 48319K, capacity 48742K, committed 49024K, reserved 1091584K
  class space    used 6294K, capacity 6441K, committed 6528K, reserved 1048576K
GC Heap History (10 events):
Event: 18.206 GC heap before
{Heap before GC invocations=12 (full 1):
 PSYoungGen      total 108544K, used 101888K [0x00000000f6380000, 0x00000000fd400000, 0x0000000100000000)
  eden space 101888K, 100% used [0x00000000f6380000,0x00000000fc700000,0x00000000fc700000)
  from space 6656K, 0% used [0x00000000fcd80000,0x00000000fcd80000,0x00000000fd400000)
  to   space 6656K, 0% used [0x00000000fc700000,0x00000000fc700000,0x00000000fcd80000)
 ParOldGen       total 22016K, used 8104K [0x00000000e2a00000, 0x00000000e3f80000, 0x00000000f6380000)
  object space 22016K, 36% used [0x00000000e2a00000,0x00000000e31ea0e0,0x00000000e3f80000)
 Metaspace       used 27361K, capacity 27688K, committed 27904K, reserved 1073152K
  class space    used 3395K, capacity 3491K, committed 3584K, reserved 1048576K
Event: 18.236 GC heap after
Heap after GC invocations=12 (full 1):
 PSYoungGen      total 108544K, used 6625K [0x00000000f6380000, 0x0000000100000000, 0x0000000100000000)
  eden space 101888K, 0% used [0x00000000f6380000,0x00000000f6380000,0x00000000fc700000)
  from space 6656K, 99% used [0x00000000fc700000,0x00000000fcd784e0,0x00000000fcd80000)
  to   space 9728K, 0% used [0x00000000ff680000,0x00000000ff680000,0x0000000100000000)
 ParOldGen       total 22016K, used 13456K [0x00000000e2a00000, 0x00000000e3f80000, 0x00000000f6380000)
  object space 22016K, 61% used [0x00000000e2a00000,0x00000000e37240a0,0x00000000e3f80000)
 Metaspace       used 27361K, capacity 27688K, committed 27904K, reserved 1073152K
  class space    used 3395K, capacity 3491K, committed 3584K, reserved 1048576K
}
Event: 21.307 GC heap before
{Heap before GC invocations=13 (full 1):
 PSYoungGen      total 108544K, used 108513K [0x00000000f6380000, 0x0000000100000000, 0x0000000100000000)
  eden space 101888K, 100% used [0x00000000f6380000,0x00000000fc700000,0x00000000fc700000)
  from space 6656K, 99% used [0x00000000fc700000,0x00000000fcd784e0,0x00000000fcd80000)
  to   space 9728K, 0% used [0x00000000ff680000,0x00000000ff680000,0x0000000100000000)
 ParOldGen       total 22016K, used 13456K [0x00000000e2a00000, 0x00000000e3f80000, 0x00000000f6380000)
  object space 22016K, 61% used [0x00000000e2a00000,0x00000000e37240a0,0x00000000e3f80000)
 Metaspace       used 29877K, capacity 30254K, committed 30464K, reserved 1075200K
  class space    used 3695K, capacity 3796K, committed 3840K, reserved 1048576K
Event: 21.353 GC heap after
Heap after GC invocations=13 (full 1):
 PSYoungGen      total 150528K, used 6111K [0x00000000f6380000, 0x0000000100000000, 0x0000000100000000)
  eden space 140800K, 0% used [0x00000000f6380000,0x00000000f6380000,0x00000000fed00000)
  from space 9728K, 62% used [0x00000000ff680000,0x00000000ffc77c28,0x0000000100000000)
  to   space 9728K, 0% used [0x00000000fed00000,0x00000000fed00000,0x00000000ff680000)
 ParOldGen       total 22016K, used 19946K [0x00000000e2a00000, 0x00000000e3f80000, 0x00000000f6380000)
  object space 22016K, 90% used [0x00000000e2a00000,0x00000000e3d7aa90,0x00000000e3f80000)
 Metaspace       used 29877K, capacity 30254K, committed 30464K, reserved 1075200K
  class space    used 3695K, capacity 3796K, committed 3840K, reserved 1048576K
}
Event: 21.353 GC heap before
{Heap before GC invocations=14 (full 2):
 PSYoungGen      total 150528K, used 6111K [0x00000000f6380000, 0x0000000100000000, 0x0000000100000000)
  eden space 140800K, 0% used [0x00000000f6380000,0x00000000f6380000,0x00000000fed00000)
  from space 9728K, 62% used [0x00000000ff680000,0x00000000ffc77c28,0x0000000100000000)
  to   space 9728K, 0% used [0x00000000fed00000,0x00000000fed00000,0x00000000ff680000)
 ParOldGen       total 22016K, used 19946K [0x00000000e2a00000, 0x00000000e3f80000, 0x00000000f6380000)
  object space 22016K, 90% used [0x00000000e2a00000,0x00000000e3d7aa90,0x00000000e3f80000)
 Metaspace       used 29877K, capacity 30254K, committed 30464K, reserved 1075200K
  class space    used 3695K, capacity 3796K, committed 3840K, reserved 1048576K
Event: 21.507 GC heap after
Heap after GC invocations=14 (full 2):
 PSYoungGen      total 150528K, used 0K [0x00000000f6380000, 0x0000000100000000, 0x0000000100000000)
  eden space 140800K, 0% used [0x00000000f6380000,0x00000000f6380000,0x00000000fed00000)
  from space 9728K, 0% used [0x00000000ff680000,0x00000000ff680000,0x0000000100000000)
  to   space 9728K, 0% used [0x00000000fed00000,0x00000000fed00000,0x00000000ff680000)
 ParOldGen       total 41472K, used 20254K [0x00000000e2a00000, 0x00000000e5280000, 0x00000000f6380000)
  object space 41472K, 48% used [0x00000000e2a00000,0x00000000e3dc7a50,0x00000000e5280000)
 Metaspace       used 29877K, capacity 30254K, committed 30464K, reserved 1075200K
  class space    used 3695K, capacity 3796K, committed 3840K, reserved 1048576K
}
Event: 29.407 GC heap before
{Heap before GC invocations=15 (full 2):
 PSYoungGen      total 150528K, used 140800K [0x00000000f6380000, 0x0000000100000000, 0x0000000100000000)
  eden space 140800K, 100% used [0x00000000f6380000,0x00000000fed00000,0x00000000fed00000)
  from space 9728K, 0% used [0x00000000ff680000,0x00000000ff680000,0x0000000100000000)
  to   space 9728K, 0% used [0x00000000fed00000,0x00000000fed00000,0x00000000ff680000)
 ParOldGen       total 41472K, used 20254K [0x00000000e2a00000, 0x00000000e5280000, 0x00000000f6380000)
  object space 41472K, 48% used [0x00000000e2a00000,0x00000000e3dc7a50,0x00000000e5280000)
 Metaspace       used 42329K, capacity 42800K, committed 43008K, reserved 1087488K
  class space    used 5456K, capacity 5599K, committed 5632K, reserved 1048576K
Event: 29.442 GC heap after
Heap after GC invocations=15 (full 2):
 PSYoungGen      total 150528K, used 9710K [0x00000000f6380000, 0x0000000100000000, 0x0000000100000000)
  eden space 140800K, 0% used [0x00000000f6380000,0x00000000f6380000,0x00000000fed00000)
  from space 9728K, 99% used [0x00000000fed00000,0x00000000ff67ba78,0x00000000ff680000)
  to   space 9728K, 0% used [0x00000000ff680000,0x00000000ff680000,0x0000000100000000)
 ParOldGen       total 41472K, used 25496K [0x00000000e2a00000, 0x00000000e5280000, 0x00000000f6380000)
  object space 41472K, 61% used [0x00000000e2a00000,0x00000000e42e6218,0x00000000e5280000)
 Metaspace       used 42329K, capacity 42800K, committed 43008K, reserved 1087488K
  class space    used 5456K, capacity 5599K, committed 5632K, reserved 1048576K
}
Event: 35.609 GC heap before
{Heap before GC invocations=16 (full 2):
 PSYoungGen      total 150528K, used 150510K [0x00000000f6380000, 0x0000000100000000, 0x0000000100000000)
  eden space 140800K, 100% used [0x00000000f6380000,0x00000000fed00000,0x00000000fed00000)
  from space 9728K, 99% used [0x00000000fed00000,0x00000000ff67ba78,0x00000000ff680000)
  to   space 9728K, 0% used [0x00000000ff680000,0x00000000ff680000,0x0000000100000000)
 ParOldGen       total 41472K, used 25496K [0x00000000e2a00000, 0x00000000e5280000, 0x00000000f6380000)
  object space 41472K, 61% used [0x00000000e2a00000,0x00000000e42e6218,0x00000000e5280000)
 Metaspace       used 47642K, capacity 48090K, committed 48384K, reserved 1091584K
  class space    used 6228K, capacity 6374K, committed 6400K, reserved 1048576K
Event: 35.695 GC heap after
Heap after GC invocations=16 (full 2):
 PSYoungGen      total 136192K, used 9724K [0x00000000f6380000, 0x0000000100000000, 0x0000000100000000)
  eden space 126464K, 0% used [0x00000000f6380000,0x00000000f6380000,0x00000000fdf00000)
  from space 9728K, 99% used [0x00000000ff680000,0x00000000fffff0f8,0x0000000100000000)
  to   space 16896K, 0% used [0x00000000fdf00000,0x00000000fdf00000,0x00000000fef80000)
 ParOldGen       total 41472K, used 32827K [0x00000000e2a00000, 0x00000000e5280000, 0x00000000f6380000)
  object space 41472K, 79% used [0x00000000e2a00000,0x00000000e4a0ef58,0x00000000e5280000)
 Metaspace       used 47642K, capacity 48090K, committed 48384K, reserved 1091584K
  class space    used 6228K, capacity 6374K, committed 6400K, reserved 1048576K
}

