# JRE version: Java(TM) SE Runtime Environment (8.0_161-b12) (build 1.8.0_161-b12)
# Java VM: Java HotSpot(TM) 64-Bit Server VM (25.161-b12 mixed mode windows-amd64 compressed oops)
Heap:
 PSYoungGen      total 150528K, used 147731K [0x00000000f6380000, 0x0000000100000000, 0x0000000100000000)
  eden space 140800K, 98% used [0x00000000f6380000,0x00000000fea46b10,0x00000000fed00000)
  from space 9728K, 99% used [0x00000000fed00000,0x00000000ff67e1f0,0x00000000ff680000)
  to   space 9728K, 0% used [0x00000000ff680000,0x00000000ff680000,0x0000000100000000)
 ParOldGen       total 39936K, used 24539K [0x00000000e2a00000, 0x00000000e5100000, 0x00000000f6380000)
  object space 39936K, 61% used [0x00000000e2a00000,0x00000000e41f6cd0,0x00000000e5100000)
 Metaspace       used 45973K, capacity 46418K, committed 46848K, reserved 1089536K
  class space    used 5994K, capacity 6116K, committed 6144K, reserved 1048576K
GC Heap History (10 events):
Event: 12.228 GC heap before
{Heap before GC invocations=11 (full 1):
 PSYoungGen      total 108544K, used 3678K [0x00000000f6380000, 0x00000000fd400000, 0x0000000100000000)
  eden space 101888K, 0% used [0x00000000f6380000,0x00000000f6380000,0x00000000fc700000)
  from space 6656K, 55% used [0x00000000fcd80000,0x00000000fd117a68,0x00000000fd400000)
  to   space 6656K, 0% used [0x00000000fc700000,0x00000000fc700000,0x00000000fcd80000)
 ParOldGen       total 20480K, used 10156K [0x00000000e2a00000, 0x00000000e3e00000, 0x00000000f6380000)
  object space 20480K, 49% used [0x00000000e2a00000,0x00000000e33eb060,0x00000000e3e00000)
 Metaspace       used 20892K, capacity 21114K, committed 21296K, reserved 1069056K
  class space    used 2552K, capacity 2637K, committed 2688K, reserved 1048576K
Event: 12.334 GC heap after
Heap after GC invocations=11 (full 1):
 PSYoungGen      total 108544K, used 0K [0x00000000f6380000, 0x00000000fd400000, 0x0000000100000000)
  eden space 101888K, 0% used [0x00000000f6380000,0x00000000f6380000,0x00000000fc700000)
  from space 6656K, 0% used [0x00000000fcd80000,0x00000000fcd80000,0x00000000fd400000)
  to   space 6656K, 0% used [0x00000000fc700000,0x00000000fc700000,0x00000000fcd80000)
 ParOldGen       total 22016K, used 8902K [0x00000000e2a00000, 0x00000000e3f80000, 0x00000000f6380000)
  object space 22016K, 40% used [0x00000000e2a00000,0x00000000e32b18a8,0x00000000e3f80000)
 Metaspace       used 20892K, capacity 21114K, committed 21296K, reserved 1069056K
  class space    used 2552K, capacity 2637K, committed 2688K, reserved 1048576K
}
Event: 17.175 GC heap before
{Heap before GC invocations=12 (full 1):
 PSYoungGen      total 108544K, used 101888K [0x00000000f6380000, 0x00000000fd400000, 0x0000000100000000)
  eden space 101888K, 100% used [0x00000000f6380000,0x00000000fc700000,0x00000000fc700000)
  from space 6656K, 0% used [0x00000000fcd80000,0x00000000fcd80000,0x00000000fd400000)
  to   space 6656K, 0% used [0x00000000fc700000,0x00000000fc700000,0x00000000fcd80000)
 ParOldGen       total 22016K, used 8902K [0x00000000e2a00000, 0x00000000e3f80000, 0x00000000f6380000)
  object space 22016K, 40% used [0x00000000e2a00000,0x00000000e32b18a8,0x00000000e3f80000)
 Metaspace       used 27281K, capacity 27682K, committed 27904K, reserved 1073152K
  class space    used 3379K, capacity 3486K, committed 3584K, reserved 1048576K
Event: 17.219 GC heap after
Heap after GC invocations=12 (full 1):
 PSYoungGen      total 108544K, used 6633K [0x00000000f6380000, 0x0000000100000000, 0x0000000100000000)
  eden space 101888K, 0% used [0x00000000f6380000,0x00000000f6380000,0x00000000fc700000)
  from space 6656K, 99% used [0x00000000fc700000,0x00000000fcd7a470,0x00000000fcd80000)
  to   space 9728K, 0% used [0x00000000ff680000,0x00000000ff680000,0x0000000100000000)
 ParOldGen       total 22016K, used 14097K [0x00000000e2a00000, 0x00000000e3f80000, 0x00000000f6380000)
  object space 22016K, 64% used [0x00000000e2a00000,0x00000000e37c4758,0x00000000e3f80000)
 Metaspace       used 27281K, capacity 27682K, committed 27904K, reserved 1073152K
  class space    used 3379K, capacity 3486K, committed 3584K, reserved 1048576K
}
Event: 21.861 GC heap before
{Heap before GC invocations=13 (full 1):
 PSYoungGen      total 108544K, used 108521K [0x00000000f6380000, 0x0000000100000000, 0x0000000100000000)
  eden space 101888K, 100% used [0x00000000f6380000,0x00000000fc700000,0x00000000fc700000)
  from space 6656K, 99% used [0x00000000fc700000,0x00000000fcd7a470,0x00000000fcd80000)
  to   space 9728K, 0% used [0x00000000ff680000,0x00000000ff680000,0x0000000100000000)
 ParOldGen       total 22016K, used 14097K [0x00000000e2a00000, 0x00000000e3f80000, 0x00000000f6380000)
  object space 22016K, 64% used [0x00000000e2a00000,0x00000000e37c4758,0x00000000e3f80000)
 Metaspace       used 29822K, capacity 30248K, committed 30464K, reserved 1075200K
  class space    used 3680K, capacity 3791K, committed 3840K, reserved 1048576K
Event: 21.908 GC heap after
Heap after GC invocations=13 (full 1):
 PSYoungGen      total 150528K, used 5397K [0x00000000f6380000, 0x0000000100000000, 0x0000000100000000)
  eden space 140800K, 0% used [0x00000000f6380000,0x00000000f6380000,0x00000000fed00000)
  from space 9728K, 55% used [0x00000000ff680000,0x00000000ffbc55e8,0x0000000100000000)
  to   space 9728K, 0% used [0x00000000fed00000,0x00000000fed00000,0x00000000ff680000)
 ParOldGen       total 22016K, used 20619K [0x00000000e2a00000, 0x00000000e3f80000, 0x00000000f6380000)
  object space 22016K, 93% used [0x00000000e2a00000,0x00000000e3e22f68,0x00000000e3f80000)
 Metaspace       used 29822K, capacity 30248K, committed 30464K, reserved 1075200K
  class space    used 3680K, capacity 3791K, committed 3840K, reserved 1048576K
}
Event: 21.908 GC heap before
{Heap before GC invocations=14 (full 2):
 PSYoungGen      total 150528K, used 5397K [0x00000000f6380000, 0x0000000100000000, 0x0000000100000000)
  eden space 140800K, 0% used [0x00000000f6380000,0x00000000f6380000,0x00000000fed00000)
  from space 9728K, 55% used [0x00000000ff680000,0x00000000ffbc55e8,0x0000000100000000)
  to   space 9728K, 0% used [0x00000000fed00000,0x00000000fed00000,0x00000000ff680000)
 ParOldGen       total 22016K, used 20619K [0x00000000e2a00000, 0x00000000e3f80000, 0x00000000f6380000)
  object space 22016K, 93% used [0x00000000e2a00000,0x00000000e3e22f68,0x00000000e3f80000)
 Metaspace       used 29822K, capacity 30248K, committed 30464K, reserved 1075200K
  class space    used 3680K, capacity 3791K, committed 3840K, reserved 1048576K
Event: 22.116 GC heap after
Heap after GC invocations=14 (full 2):
 PSYoungGen      total 150528K, used 0K [0x00000000f6380000, 0x0000000100000000, 0x0000000100000000)
  eden space 140800K, 0% used [0x00000000f6380000,0x00000000f6380000,0x00000000fed00000)
  from space 9728K, 0% used [0x00000000ff680000,0x00000000ff680000,0x0000000100000000)
  to   space 9728K, 0% used [0x00000000fed00000,0x00000000fed00000,0x00000000ff680000)
 ParOldGen       total 39936K, used 19102K [0x00000000e2a00000, 0x00000000e5100000, 0x00000000f6380000)
  object space 39936K, 47% used [0x00000000e2a00000,0x00000000e3ca7928,0x00000000e5100000)
 Metaspace       used 29822K, capacity 30248K, committed 30464K, reserved 1075200K
  class space    used 3680K, capacity 3791K, committed 3840K, reserved 1048576K
}
Event: 30.069 GC heap before
{Heap before GC invocations=15 (full 2):
 PSYoungGen      total 150528K, used 140800K [0x00000000f6380000, 0x0000000100000000, 0x0000000100000000)
  eden space 140800K, 100% used [0x00000000f6380000,0x00000000fed00000,0x00000000fed00000)
  from space 9728K, 0% used [0x00000000ff680000,0x00000000ff680000,0x0000000100000000)
  to   space 9728K, 0% used [0x00000000fed00000,0x00000000fed00000,0x00000000ff680000)
 ParOldGen       total 39936K, used 19102K [0x00000000e2a00000, 0x00000000e5100000, 0x00000000f6380000)
  object space 39936K, 47% used [0x00000000e2a00000,0x00000000e3ca7928,0x00000000e5100000)
 Metaspace       used 42452K, capacity 42830K, committed 43008K, reserved 1087488K
  class space    used 5463K, capacity 5566K, committed 5632K, reserved 1048576K
Event: 30.121 GC heap after
Heap after GC invocations=15 (full 2):
 PSYoungGen      total 150528K, used 9720K [0x00000000f6380000, 0x0000000100000000, 0x0000000100000000)
  eden space 140800K, 0% used [0x00000000f6380000,0x00000000f6380000,0x00000000fed00000)
  from space 9728K, 99% used [0x00000000fed00000,0x00000000ff67e1f0,0x00000000ff680000)
  to   space 9728K, 0% used [0x00000000ff680000,0x00000000ff680000,0x0000000100000000)
 ParOldGen       total 39936K, used 24539K [0x00000000e2a00000, 0x00000000e5100000, 0x00000000f6380000)
  object space 39936K, 61% used [0x00000000e2a00000,0x00000000e41f6cd0,0x00000000e5100000)
 Metaspace       used 42452K, capacity 42830K, committed 43008K, reserved 1087488K
  class space    used 5463K, capacity 5566K, committed 5632K, reserved 1048576K
}

